build/app/intermediates/manifest_merge_blame_file/debug/manifest-merger-blame-debug-report.txt
1<?xml version="1.0" encoding="utf-8"?>
2<manifest xmlns:android="http://schemas.android.com/apk/res/android"
3    package="com.example.ble"
4    android:versionCode="1"
5    android:versionName="1.0.0" >
6
7    <uses-sdk
8        android:minSdkVersion="19"
9        android:targetSdkVersion="28" />
10    <!--
11         Flutter needs it to communicate with the running application
12         to allow setting breakpoints, to provide hot reload, etc.
13    -->
14    <uses-permission android:name="android.permission.INTERNET" />
14-->src\debug\AndroidManifest.xml:6:5-66
14-->src\debug\AndroidManifest.xml:6:22-64
15    <!--
16     io.flutter.app.FlutterApplication is an android.app.Application that
17         calls FlutterMain.startInitialization(this); in its onCreate method.
18         In most cases you can leave this as-is, but you if you want to provide
19         additional functionality it is fine to subclass or reimplement
20         FlutterApplication and put your custom class here.
21    -->
22    <uses-permission android:name="android.permission.BLUETOOTH" />
22-->src\main\AndroidManifest.xml:9:5-68
22-->src\main\AndroidManifest.xml:9:22-65
23    <uses-permission android:name="android.permission.BLUETOOTH_ADMIN" />
23-->src\main\AndroidManifest.xml:10:5-74
23-->src\main\AndroidManifest.xml:10:22-71
24    <uses-permission android:name="android.permission.ACCESS_COARSE_LOCATION" />
24-->src\main\AndroidManifest.xml:11:5-80
24-->src\main\AndroidManifest.xml:11:22-78
25
26    <application
26-->src\main\AndroidManifest.xml:13:5-34:19
27        android:name="io.flutter.app.FlutterApplication"
27-->src\main\AndroidManifest.xml:14:9-57
28        android:appComponentFactory="androidx.core.app.CoreComponentFactory"
28-->[androidx.core:core:1.1.0] AndroidManifest.xml:24:18-86
29        android:debuggable="true"
30        android:icon="@mipmap/ic_launcher"
30-->src\main\AndroidManifest.xml:16:9-43
31        android:label="ble" >
31-->src\main\AndroidManifest.xml:15:9-28
32        <activity
32-->src\main\AndroidManifest.xml:17:9-28:20
33            android:name="com.example.ble.MainActivity"
33-->src\main\AndroidManifest.xml:18:13-41
34            android:configChanges="orientation|keyboardHidden|keyboard|screenSize|smallestScreenSize|locale|layoutDirection|fontScale|screenLayout|density|uiMode"
34-->src\main\AndroidManifest.xml:21:13-163
35            android:hardwareAccelerated="true"
35-->src\main\AndroidManifest.xml:22:13-47
36            android:launchMode="singleTop"
36-->src\main\AndroidManifest.xml:19:13-43
37            android:theme="@style/LaunchTheme"
37-->src\main\AndroidManifest.xml:20:13-47
38            android:windowSoftInputMode="adjustResize" >
38-->src\main\AndroidManifest.xml:23:13-55
39            <intent-filter>
39-->src\main\AndroidManifest.xml:24:13-27:29
40                <action android:name="android.intent.action.MAIN" />
40-->src\main\AndroidManifest.xml:25:17-68
40-->src\main\AndroidManifest.xml:25:25-66
41
42                <category android:name="android.intent.category.LAUNCHER" />
42-->src\main\AndroidManifest.xml:26:17-76
42-->src\main\AndroidManifest.xml:26:27-74
43            </intent-filter>
44        </activity>
45        <!--
46             Don't delete the meta-data below.
47             This is used by the Flutter tool to generate GeneratedPluginRegistrant.java
48        -->
49        <meta-data
49-->src\main\AndroidManifest.xml:31:9-33:33
50            android:name="flutterEmbedding"
50-->src\main\AndroidManifest.xml:32:13-44
51            android:value="2" />
51-->src\main\AndroidManifest.xml:33:13-30
52    </application>
53
54</manifest>